#
# There is insufficient memory for the Java Runtime Environment to continue.
# Native memory allocation (mmap) failed to map 167772160 bytes for G1 virtual space
# Possible reasons:
#   The system is out of physical RAM or swap space
#   The process is running with CompressedOops enabled, and the Java Heap may be blocking the growth of the native heap
# Possible solutions:
#   Reduce memory load on the system
#   Increase physical memory or swap space
#   Check if swap backing store is full
#   Decrease Java heap size (-Xmx/-Xms)
#   Decrease number of Java threads
#   Decrease Java thread stack sizes (-Xss)
#   Set larger code cache with -XX:ReservedCodeCacheSize=
#   JVM is running with Zero Based Compressed Oops mode in which the Java heap is
#     placed in the first 32GB address space. The Java Heap base address is the
#     maximum limit for the native heap growth. Please use -XX:HeapBaseMinAddress
#     to set the Java Heap base and to place the Java Heap above 32GB virtual address.
# This output file may be truncated or incomplete.
#
#  Out of Memory Error (os_windows.cpp:3825), pid=1808, tid=9504
#
# JRE version:  (17.0.10+1) (build )
# Java VM: OpenJDK 64-Bit Server VM (17.0.10+1-b1087.21, mixed mode, sharing, tiered, compressed oops, compressed class ptrs, g1 gc, windows-amd64)
# No core dump will be written. Minidumps are not enabled by default on client versions of Windows
#

---------------  S U M M A R Y ------------

Command Line: git4idea.http.GitAskPassApp Username for 'https://github.com': 

Host: Intel(R) Xeon(R) Silver 4215R CPU @ 3.20GHz, 4 cores, 9G,  Windows 10 , 64 bit Build 19041 (10.0.19041.3636)
Time: Thu May 30 17:08:32 2024 Maroc (heure d64 bit Build 19041 (10.0.19041.3636) elapsed time: 0.020251 seconds (0d 0h 0m 0s)

---------------  T H R E A D  ---------------

Current thread (0x000002e40ccbcdd0):  JavaThread "Unknown thread" [_thread_in_vm, id=9504, stack(0x000000fdf7d00000,0x000000fdf7e00000)]

Stack: [0x000000fdf7d00000,0x000000fdf7e00000]
Native frames: (J=compiled Java code, j=interpreted, Vv=VM code, C=native code)
V  [jvm.dll+0x688ac9]
V  [jvm.dll+0x84220a]
V  [jvm.dll+0x843e4e]
V  [jvm.dll+0x8444b3]
V  [jvm.dll+0x24ba8f]
V  [jvm.dll+0x685899]
V  [jvm.dll+0x67a14a]
V  [jvm.dll+0x30c7eb]
V  [jvm.dll+0x313c96]
V  [jvm.dll+0x363a2e]
V  [jvm.dll+0x363c5f]
V  [jvm.dll+0x2e25b8]
V  [jvm.dll+0x2e3524]
V  [jvm.dll+0x812d71]
V  [jvm.dll+0x3718e1]
V  [jvm.dll+0x7f18d6]
V  [jvm.dll+0x3f553f]
V  [jvm.dll+0x3f7171]
C  [jli.dll+0x528f]
C  [ucrtbase.dll+0x21bb2]
C  [KERNEL32.DLL+0x17344]
C  [ntdll.dll+0x526b1]


---------------  P R O C E S S  ---------------

Threads class SMR info:
_java_thread_list=0x00007ffd7cedef58, length=0, elements={
}

Java Threads: ( => current thread )

Other Threads:
  0x000002e40cd0a3e0 GCTaskThread "GC Thread#0" [stack: 0x000000fdf7e00000,0x000000fdf7f00000] [id=10788]
  0x000002e40cd16950 ConcurrentGCThread "G1 Main Marker" [stack: 0x000000fdf7f00000,0x000000fdf8000000] [id=7932]
  0x000002e40cd17b10 ConcurrentGCThread "G1 Conc#0" [stack: 0x000000fdf8000000,0x000000fdf8100000] [id=8428]

[error occurred during error reporting (printing all threads), id 0xc0000005, EXCEPTION_ACCESS_VIOLATION (0xc0000005) at pc=0x00007ffd7c693187]

VM state: not at safepoint (not fully initialized)

VM Mutex/Monitor currently owned by a thread:  ([mutex/lock_event])
[0x000002e40ccb7e50] Heap_lock - owner thread: 0x000002e40ccbcdd0

Heap address: 0x0000000760000000, size: 2560 MB, Compressed Oops mode: Zero based, Oop shift amount: 3

CDS archive(s) mapped at: [0x0000000000000000-0x0000000000000000-0x0000000000000000), size 0, SharedBaseAddress: 0x0000000800000000, ArchiveRelocationMode: 1.
Narrow klass base: 0x0000000000000000, Narrow klass shift: 0, Narrow klass range: 0x0

GC Precious Log:
<Empty>

Heap:
 garbage-first heap   total 0K, used 0K [0x0000000760000000, 0x0000000800000000)
  region size 2048K, 0 young (0K), 0 survivors (0K)
 Metaspace       used 0K, committed 0K, reserved 0K
  class space    used 0K, committed 0K, reserved 0K

Heap Regions: E=young(eden), S=young(survivor), O=old, HS=humongous(starts), HC=humongous(continues), CS=collection set, F=free, OA=open archive, CA=closed archive, TAMS=top-at-mark-start (previous, next)

Card table byte_map: [0x000002e420000000,0x000002e420500000] _byte_map_base: 0x000002e41c500000

Marking Bits (Prev, Next): (CMBitMap*) 0x000002e40cd0aa00, (CMBitMap*) 0x000002e40cd0aa40
 Prev Bits: [0x000002e420a00000, 0x000002e423200000)
 Next Bits: [0x000002e423200000, 0x000002e425a00000)

GC Heap History (0 events):
No events

Dll operation events (1 events):
Event: 0.012 Loaded shared library C:\Program Files\JetBrains\IntelliJ IDEA Community Edition 2023.3.5\jbr\bin\java.dll

Deoptimization events (0 events):
No events

Classes unloaded (0 events):
No events

Classes redefined (0 events):
No events

Internal exceptions (0 events):
No events

VM Operations (0 events):
No events

Events (0 events):
No events


Dynamic libraries:
0x00007ff7c6c00000 - 0x00007ff7c6c0a000 	C:\Program Files\JetBrains\IntelliJ IDEA Community Edition 2023.3.5\jbr\bin\java.exe
0x00007ffdf2bd0000 - 0x00007ffdf2dc8000 	C:\Windows\SYSTEM32\ntdll.dll
0x00007ffdf2560000 - 0x00007ffdf261d000 	C:\Windows\System32\KERNEL32.DLL
0x00007ffdf0310000 - 0x00007ffdf0606000 	C:\Windows\System32\KERNELBASE.dll
0x00007ffdf06b0000 - 0x00007ffdf07b0000 	C:\Windows\System32\ucrtbase.dll
0x00007ffddeee0000 - 0x00007ffddeef7000 	C:\Program Files\JetBrains\IntelliJ IDEA Community Edition 2023.3.5\jbr\bin\jli.dll
0x00007ffdd31a0000 - 0x00007ffdd31bb000 	C:\Program Files\JetBrains\IntelliJ IDEA Community Edition 2023.3.5\jbr\bin\VCRUNTIME140.dll
0x00007ffdf0f90000 - 0x00007ffdf112f000 	C:\Windows\System32\USER32.dll
0x00007ffdf0800000 - 0x00007ffdf0822000 	C:\Windows\System32\win32u.dll
0x00007ffdd15f0000 - 0x00007ffdd188a000 	C:\Windows\WinSxS\amd64_microsoft.windows.common-controls_6595b64144ccf1df_6.0.19041.3636_none_60b6a03d71f818d5\COMCTL32.dll
0x00007ffdf1b70000 - 0x00007ffdf1b9b000 	C:\Windows\System32\GDI32.dll
0x00007ffdf27a0000 - 0x00007ffdf283e000 	C:\Windows\System32\msvcrt.dll
0x00007ffdf08d0000 - 0x00007ffdf09e7000 	C:\Windows\System32\gdi32full.dll
0x00007ffdf0830000 - 0x00007ffdf08cd000 	C:\Windows\System32\msvcp_win.dll
0x00007ffdf1b30000 - 0x00007ffdf1b62000 	C:\Windows\System32\IMM32.DLL
0x000002e40cc00000 - 0x000002e40cc14000 	C:\Windows\System32\umppc18408.dll
0x000002e40cc40000 - 0x000002e40cc52000 	C:\Windows\System32\CsXumd64_18408.dll
0x00007ffddf060000 - 0x00007ffddf06c000 	C:\Program Files\JetBrains\IntelliJ IDEA Community Edition 2023.3.5\jbr\bin\vcruntime140_1.dll
0x00007ffdc17f0000 - 0x00007ffdc187d000 	C:\Program Files\JetBrains\IntelliJ IDEA Community Edition 2023.3.5\jbr\bin\msvcp140.dll
0x00007ffd7c3a0000 - 0x00007ffd7d023000 	C:\Program Files\JetBrains\IntelliJ IDEA Community Edition 2023.3.5\jbr\bin\server\jvm.dll
0x00007ffdf2840000 - 0x00007ffdf28f0000 	C:\Windows\System32\ADVAPI32.dll
0x00007ffdf1a90000 - 0x00007ffdf1b30000 	C:\Windows\System32\sechost.dll
0x00007ffdf0c00000 - 0x00007ffdf0d23000 	C:\Windows\System32\RPCRT4.dll
0x00007ffdf0610000 - 0x00007ffdf0637000 	C:\Windows\System32\bcrypt.dll
0x00007ffdf00e0000 - 0x00007ffdf012b000 	C:\Windows\SYSTEM32\POWRPROF.dll
0x00007ffde1590000 - 0x00007ffde1599000 	C:\Windows\SYSTEM32\WSOCK32.dll
0x00007ffdf28f0000 - 0x00007ffdf295b000 	C:\Windows\System32\WS2_32.dll
0x00007ffde0e60000 - 0x00007ffde0e87000 	C:\Windows\SYSTEM32\WINMM.dll
0x00007ffde80a0000 - 0x00007ffde80aa000 	C:\Windows\SYSTEM32\VERSION.dll
0x00007ffdf00c0000 - 0x00007ffdf00d2000 	C:\Windows\SYSTEM32\UMPDC.dll
0x00007ffdedde0000 - 0x00007ffdeddf2000 	C:\Windows\SYSTEM32\kernel.appcore.dll
0x00007ffdea7e0000 - 0x00007ffdea7ea000 	C:\Program Files\JetBrains\IntelliJ IDEA Community Edition 2023.3.5\jbr\bin\jimage.dll
0x00007ffde13a0000 - 0x00007ffde1584000 	C:\Windows\SYSTEM32\DBGHELP.DLL
0x00007ffde1360000 - 0x00007ffde1394000 	C:\Windows\SYSTEM32\dbgcore.DLL
0x00007ffdf0280000 - 0x00007ffdf0302000 	C:\Windows\System32\bcryptPrimitives.dll
0x00007ffdd0000000 - 0x00007ffdd0025000 	C:\Program Files\JetBrains\IntelliJ IDEA Community Edition 2023.3.5\jbr\bin\java.dll

dbghelp: loaded successfully - version: 4.0.5 - missing functions: none
symbol engine: initialized successfully - sym options: 0x614 - pdb path: .;C:\Program Files\JetBrains\IntelliJ IDEA Community Edition 2023.3.5\jbr\bin;C:\Windows\SYSTEM32;C:\Windows\WinSxS\amd64_microsoft.windows.common-controls_6595b64144ccf1df_6.0.19041.3636_none_60b6a03d71f818d5;C:\Program Files\JetBrains\IntelliJ IDEA Community Edition 2023.3.5\jbr\bin\server

VM Arguments:
java_command: git4idea.http.GitAskPassApp Username for 'https://github.com': 
java_class_path (initial): C:/Program Files/JetBrains/IntelliJ IDEA Community Edition 2023.3.5/plugins/vcs-git/lib/git4idea-rt.jar;C:/Program Files/JetBrains/IntelliJ IDEA Community Edition 2023.3.5/lib/externalProcess-rt.jar
Launcher Type: SUN_STANDARD

[Global flags]
     intx CICompilerCount                          = 3                                         {product} {ergonomic}
     uint ConcGCThreads                            = 1                                         {product} {ergonomic}
     uint G1ConcRefinementThreads                  = 4                                         {product} {ergonomic}
   size_t G1HeapRegionSize                         = 2097152                                   {product} {ergonomic}
    uintx GCDrainStackTargetSize                   = 64                                        {product} {ergonomic}
   size_t InitialHeapSize                          = 167772160                                 {product} {ergonomic}
   size_t MarkStackSize                            = 4194304                                   {product} {ergonomic}
   size_t MaxHeapSize                              = 2684354560                                {product} {ergonomic}
   size_t MinHeapDeltaBytes                        = 2097152                                   {product} {ergonomic}
   size_t MinHeapSize                              = 8388608                                   {product} {ergonomic}
    uintx NonNMethodCodeHeapSize                   = 5832780                                {pd product} {ergonomic}
    uintx NonProfiledCodeHeapSize                  = 122912730                              {pd product} {ergonomic}
    uintx ProfiledCodeHeapSize                     = 122912730                              {pd product} {ergonomic}
    uintx ReservedCodeCacheSize                    = 251658240                              {pd product} {ergonomic}
     bool SegmentedCodeCache                       = true                                      {product} {ergonomic}
   size_t SoftMaxHeapSize                          = 2684354560                             {manageable} {ergonomic}
     bool UseCompressedClassPointers               = true                           {product lp64_product} {ergonomic}
     bool UseCompressedOops                        = true                           {product lp64_product} {ergonomic}
     bool UseG1GC                                  = true                                      {product} {ergonomic}
     bool UseLargePagesIndividualAllocation        = false                                  {pd product} {ergonomic}

Logging:
Log output configuration:
 #0: stdout all=warning uptime,level,tags
 #1: stderr all=off uptime,level,tags

Environment Variables:
PATH=C:\Users\STG1\AppData\Local\Programs\Git\mingw64\libexec\git-core;C:\Users\STG1\AppData\Local\Programs\Git\mingw64\libexec\git-core;C:\Users\STG1\AppData\Local\Programs\Git\mingw64\bin;C:\Users\STG1\AppData\Local\Programs\Git\usr\bin;C:\Users\STG1\bin;C:\Program Files\Common Files\Oracle\Java\javapath;C:\Windows\system32;C:\Windows;C:\Windows\System32\Wbem;C:\Windows\System32\WindowsPowerShell\v1.0;C:\Windows\System32\OpenSSH;C:\Users\STG1\AppData\Roaming\nvm;C:\Program Files\nodejs;C:\Program Files\nodejs;C:\Users\STG1\AppData\Local\Microsoft\WindowsApps;C:\Users\STG1\AppData\Local\Programs\Microsoft VS Code\bin;C:\Users\STG1\AppData\Local\Programs\Git\cmd;C:\Program Files\nodejs;C:\Users\STG1\AppData\Roaming\nvm;C:\Users\STG1\AppData\Roaming\nvm;C:\Program Files\nodejs;C:\Users\STG1\AppData\Roaming\npm;C:\Program Files\Java\jdk-17;C:\Program Files\JetBrains\IntelliJ IDEA Community Edition 2023.3.5\bin;C:\Program Files\JetBrains\IntelliJ IDEA 2023.3.5\bin
USERNAME=STG1
DISPLAY=:0.0
LC_ALL=en_US.UTF-8
TERM=xterm-256color
TMPDIR=C:\Users\STG1\AppData\Local\Temp
OS=Windows_NT
PROCESSOR_IDENTIFIER=Intel64 Family 6 Model 85 Stepping 7, GenuineIntel
TMP=C:\Users\STG1\AppData\Local\Temp
TEMP=C:\Users\STG1\AppData\Local\Temp



Periodic native trim disabled

JNI global refs:
JNI global refs: 0, weak refs: 0

JNI global refs memory usage: 0, weak refs: 0

OOME stack traces (most recent first):
Classloader memory used:


---------------  S Y S T E M  ---------------

OS:
 Windows 10 , 64 bit Build 19041 (10.0.19041.3636)
OS uptime: 1 days 5:25 hours
VMWare virtualization detected

CPU: total 4 (initial active 4) (4 cores per cpu, 1 threads per core) family 6 model 85 stepping 7 microcode 0x5003302, cx8, cmov, fxsr, mmx, 3dnowpref, sse, sse2, sse3, ssse3, sse4.1, sse4.2, popcnt, lzcnt, tsc, tscinvbit, avx, avx2, aes, erms, clmul, bmi1, bmi2, adx, avx512f, avx512dq, avx512cd, avx512bw, avx512vl, fma, vzeroupper, avx512_vnni, clflush, clflushopt, clwb, hv
Processor Information for all 4 processors :
  Max Mhz: 3192, Current Mhz: 3192, Mhz Limit: 3192

Memory: 4k page, system-wide physical 10239M (1489M free)
TotalPageFile size 22954M (AvailPageFile size 6M)
current process WorkingSet (physical memory assigned to process): 10M, peak: 10M
current process commit charge ("private bytes"): 52M, peak: 211M

vm_info: OpenJDK 64-Bit Server VM (17.0.10+1-b1087.21) for windows-amd64 JRE (17.0.10+1-b1087.21), built on 2024-03-02 by "builduser" with MS VC++ 16.10 / 16.11 (VS2019)

END.
